This is XeTeX, Version 3.14159265-2.6-0.99991 (TeX Live 2014) (preloaded format=xelatex 2014.5.25)  5 JAN 2017 13:56
entering extended mode
 restricted \write18 enabled.
 %&-line parsing enabled.
**ws-procs11x85.tex
(./ws-procs11x85.tex
LaTeX2e <2014/05/01>
Babel <3.9k> and hyphenation patterns for 78 languages loaded.
(./ws-procs11x85.cls
(/usr/local/texlive/2014/texmf-dist/tex/latex/amsfonts/amsfonts.sty
Package: amsfonts 2013/01/14 v3.01 Basic AMSFonts support
\@emptytoks=\toks14
\symAMSa=\mathgroup4
\symAMSb=\mathgroup5
LaTeX Font Info:    Overwriting math alphabet `\mathfrak' in version `bold'
(Font)                  U/euf/m/n --> U/euf/b/n on input line 106.
)
(/usr/local/texlive/2014/texmf-dist/tex/latex/amsfonts/amssymb.sty
Package: amssymb 2013/01/14 v3.01 AMS font symbols
)
(/usr/local/texlive/2014/texmf-dist/tex/latex/amsmath/amsmath.sty
Package: amsmath 2013/01/14 v2.14 AMS math features
\@mathmargin=\skip41

For additional information on amsmath, use the `?' option.
(/usr/local/texlive/2014/texmf-dist/tex/latex/amsmath/amstext.sty
Package: amstext 2000/06/29 v2.01

(/usr/local/texlive/2014/texmf-dist/tex/latex/amsmath/amsgen.sty
File: amsgen.sty 1999/11/30 v2.0
\@emptytoks=\toks15
\ex@=\dimen102
))
(/usr/local/texlive/2014/texmf-dist/tex/latex/amsmath/amsbsy.sty
Package: amsbsy 1999/11/29 v1.2d
\pmbraise@=\dimen103
)
(/usr/local/texlive/2014/texmf-dist/tex/latex/amsmath/amsopn.sty
Package: amsopn 1999/12/14 v2.01 operator names
)
\inf@bad=\count80
LaTeX Info: Redefining \frac on input line 210.
\uproot@=\count81
\leftroot@=\count82
LaTeX Info: Redefining \overline on input line 306.
\classnum@=\count83
\DOTSCASE@=\count84
LaTeX Info: Redefining \ldots on input line 378.
LaTeX Info: Redefining \dots on input line 381.
LaTeX Info: Redefining \cdots on input line 466.
\Mathstrutbox@=\box26
\strutbox@=\box27
\big@size=\dimen104
LaTeX Font Info:    Redeclaring font encoding OML on input line 566.
LaTeX Font Info:    Redeclaring font encoding OMS on input line 567.
\macc@depth=\count85
\c@MaxMatrixCols=\count86
\dotsspace@=\muskip10
\c@parentequation=\count87
\dspbrk@lvl=\count88
\tag@help=\toks16
\row@=\count89
\column@=\count90
\maxfields@=\count91
\andhelp@=\toks17
\eqnshift@=\dimen105
\alignsep@=\dimen106
\tagshift@=\dimen107
\tagwidth@=\dimen108
\totwidth@=\dimen109
\lineht@=\dimen110
\@envbody=\toks18
\multlinegap=\skip42
\multlinetaggap=\skip43
\mathdisplay@stack=\toks19
LaTeX Info: Redefining \[ on input line 2665.
LaTeX Info: Redefining \] on input line 2666.
)
Document Class: ws-procs11x85 2000/12/15 v1.2u Standard LaTeX document class
\wsdraftrule=\dimen111
\minute=\count92
\hour=\count93
\trimheight=\dimen112
\trimwidth=\dimen113
\typeheight=\dimen114
\typewidth=\dimen115
\tempdimen=\dimen116
\tablewidth=\dimen117
\normaltextheight=\dimen118
\tempbox=\box28
\tablewd=\dimen119
\c@part=\count94
\c@ptitl=\count95
\@tempcntc=\count96
\c@section=\count97
\c@subsection=\count98
\c@subsubsection=\count99
\c@paragraph=\count100
\c@subparagraph=\count101
\abovecaptionskip=\skip44
\belowcaptionskip=\skip45
\captionbox=\box29
\c@figure=\count102
\c@table=\count103
\c@algorithm=\count104
\c@assertion=\count105
\c@assumption=\count106
\c@claim=\count107
\c@condition=\count108
\c@conjecture=\count109
\c@convention=\count110
\c@corollary=\count111
\c@criterion=\count112
\c@definition=\count113
\c@example=\count114
\c@lemma=\count115
\c@notation=\count116
\c@observation=\count117
\c@problem=\count118
\c@prop=\count119
\c@proposition=\count120
\c@question=\count121
\c@remark=\count122
\c@theorem=\count123
\bibindent=\dimen120
\c@appendixc=\count124
\c@subappendixc=\count125
\c@subsubappendixc=\count126
(./ws-rotating.sty
Package: ws-rotating 1997/09/26, v2.13 Rotation package

(/usr/local/texlive/2014/texmf-dist/tex/latex/graphics/graphicx.sty
Package: graphicx 2014/04/25 v1.0g Enhanced LaTeX Graphics (DPC,SPQR)

(/usr/local/texlive/2014/texmf-dist/tex/latex/graphics/keyval.sty
Package: keyval 2014/05/08 v1.15 key=value parser (DPC)
\KV@toks@=\toks20
)
(/usr/local/texlive/2014/texmf-dist/tex/latex/graphics/graphics.sty
Package: graphics 2009/02/05 v1.0o Standard LaTeX Graphics (DPC,SPQR)

(/usr/local/texlive/2014/texmf-dist/tex/latex/graphics/trig.sty
Package: trig 1999/03/16 v1.09 sin cos tan (DPC)
)
(/usr/local/texlive/2014/texmf-dist/tex/latex/latexconfig/graphics.cfg
File: graphics.cfg 2010/04/23 v1.9 graphics configuration of TeX Live
)
Package graphics Info: Driver file: xetex.def on input line 91.

(/usr/local/texlive/2014/texmf-dist/tex/xelatex/xetex-def/xetex.def
File: xetex.def 2014/04/28 v4.01 LaTeX color/graphics driver for XeTeX (RRM/JK)

))
\Gin@req@height=\dimen121
\Gin@req@width=\dimen122
)
(/usr/local/texlive/2014/texmf-dist/tex/latex/base/ifthen.sty
Package: ifthen 2001/05/26 v1.1c Standard LaTeX ifthen package (DPC)
)
\c@r@tfl@t=\count127
\rot@float@box=\box30
)
(/usr/local/texlive/2014/texmf-dist/tex/latex/tools/dcolumn.sty
Package: dcolumn 2001/05/28 v1.06 decimal alignment package (DPC)

(/usr/local/texlive/2014/texmf-dist/tex/latex/tools/array.sty
Package: array 2008/09/09 v2.4c Tabular extension package (FMi)
\col@sep=\dimen123
\extrarowheight=\dimen124
\NC@list=\toks21
\extratabsurround=\skip46
\backup@length=\skip47
))
(/usr/local/texlive/2014/texmf-dist/tex/latex/url/url.sty
\Urlmuskip=\muskip11
Package: url 2013/09/16  ver 3.4  Verb mode for urls, etc.
)
(/usr/local/texlive/2014/texmf-dist/tex/latex/cite/chapterbib.sty
\c@inputfile=\count128
Package: chapterbib 2010/09/18  v 1.17
) (./cite.sty
LaTeX Info: Redefining \cite on input line 149.
LaTeX Info: Redefining \nocite on input line 214.
Package: cite 2003/11/04  v 4.01
LaTeX Info: Redefining \cite on input line 282.
))
No file ws-procs11x85.aux.
\openout1 = `ws-procs11x85.aux'.

LaTeX Font Info:    Checking defaults for OML/cmm/m/it on input line 5.
LaTeX Font Info:    ... okay on input line 5.
LaTeX Font Info:    Checking defaults for T1/cmr/m/n on input line 5.
LaTeX Font Info:    ... okay on input line 5.
LaTeX Font Info:    Checking defaults for OT1/cmr/m/n on input line 5.
LaTeX Font Info:    ... okay on input line 5.
LaTeX Font Info:    Checking defaults for OMS/cmsy/m/n on input line 5.
LaTeX Font Info:    ... okay on input line 5.
LaTeX Font Info:    Checking defaults for OMX/cmex/m/n on input line 5.
LaTeX Font Info:    ... okay on input line 5.
LaTeX Font Info:    Checking defaults for U/cmr/m/n on input line 5.
LaTeX Font Info:    ... okay on input line 5.
LaTeX Font Info:    Try loading font information for U+msa on input line 7.
(/usr/local/texlive/2014/texmf-dist/tex/latex/amsfonts/umsa.fd
File: umsa.fd 2013/01/14 v3.01 AMS symbols A
)
LaTeX Font Info:    Try loading font information for U+msb on input line 7.

(/usr/local/texlive/2014/texmf-dist/tex/latex/amsfonts/umsb.fd
File: umsb.fd 2013/01/14 v3.01 AMS symbols B
) [1

] [2]
[3] [4]

LaTeX Warning: Citation `lamp94' on page  undefined on input line 269.


LaTeX Warning: Citation `ams04' on page  undefined on input line 269.

[5] [6] [7] [8]
File: procs-fig1.pdf Graphic file (type QTm)
 <use  "procs-fig1.pdf" >
File: procs-fig2.pdf Graphic file (type QTm)
 <use  "procs-fig2.pdf" >
Adding sideways figure on  right hand page Adding sideways figure on 
right hand page [9] [10] [11]

LaTeX Warning: Citation `jarl88' on page  undefined on input line 649.

[12] [13]

LaTeX Warning: Citation `best03' on page  undefined on input line 742.


LaTeX Warning: Citation `pier02' on page  undefined on input line 742.


LaTeX Warning: Citation `jame02' on page  undefined on input line 742.


LaTeX Warning: Citation `weis94' on page  undefined on input line 744.


LaTeX Warning: Citation `gupt97' on page  undefined on input line 746.


LaTeX Warning: Citation `rich60' on page  undefined on input line 748.


LaTeX Warning: Citation `chur90' on page  undefined on input line 750.


LaTeX Warning: Citation `benh93' on page  undefined on input line 752.


LaTeX Warning: Citation `bake72' on page  undefined on input line 754.


LaTeX Warning: Citation `hobb92' on page  undefined on input line 756.


LaTeX Warning: Citation `bria84' on page  undefined on input line 756.


LaTeX Warning: Citation `hear94' on page  undefined on input line 758.


LaTeX Warning: Citation `brow88' on page  undefined on input line 760.


LaTeX Warning: Citation `lodh74' on page  undefined on input line 762.


LaTeX Warning: Citation `dani73' on page  undefined on input line 764.


LaTeX Warning: Citation `davi93' on page  undefined on input line 766.

LaTeX Font Info:    Try loading font information for OMS+cmr on input line 825.

(/usr/local/texlive/2014/texmf-dist/tex/latex/base/omscmr.fd
File: omscmr.fd 1999/05/25 v2.5h Standard LaTeX font definitions
)
LaTeX Font Info:    Font shape `OMS/cmr/m/n' in size <10> not available
(Font)              Font shape `OMS/cmsy/m/n' tried instead on input line 825.


LaTeX Warning: Reference `aba:theo' on page  undefined on input line 825.


LaTeX Warning: Reference `aba:app1' on page  undefined on input line 836.


LaTeX Warning: Reference `aba:app2' on page  undefined on input line 836.

[14]
No file ws-procs11x85.bbl.
[15] (./ws-procs11x85.aux)

LaTeX Warning: There were undefined references.


LaTeX Warning: Label(s) may have changed. Rerun to get cross-references right.

 ) 
Here is how much of TeX's memory you used:
 2279 strings out of 493734
 25936 string characters out of 6146348
 93175 words of memory out of 5000000
 5583 multiletter control sequences out of 15000+600000
 18397 words of font info for 69 fonts, out of 8000000 for 9000
 1328 hyphenation exceptions out of 8191
 39i,14n,30p,298b,324s stack positions out of 5000i,500n,10000p,200000b,80000s

Output written on ws-procs11x85.pdf (15 pages).
